<?xml version="1.0" encoding="UTF-8"?>
<!-- Generated by org.testng.reporters.JUnitReportReporter -->
<testsuite hostname="PRASADNAIK" name="Example1" tests="1" failures="0" timestamp="19 Oct 2015 05:49:08 GMT" time="31.481" errors="0">
  <testcase name="test" time="31.481" classname="Example1"/>
</testsuite> <!-- Example1 -->
