<?xml version="1.0" encoding="UTF-8"?>
<!-- Generated by org.testng.reporters.JUnitReportReporter -->
<testsuite hostname="PRASADNAIK" name="Example1.TRY1AntJenkins" tests="3" failures="0" timestamp="17 Oct 2015 22:27:51 GMT" time="0.031" errors="0">
  <testcase name="navigating" time="0.015" classname="Example1.TRY1AntJenkins"/>
  <testcase name="logout" time="0.000" classname="Example1.TRY1AntJenkins"/>
  <testcase name="login" time="0.016" classname="Example1.TRY1AntJenkins"/>
</testsuite> <!-- Example1.TRY1AntJenkins -->
